<!DOCTYPE html PUBLIC "-//W3C//DTD XHTML 1.1//EN" "http://www.w3.org/TR/xhtml11/DTD/xhtml11.dtd">
<html xmlns="http://www.w3.org/1999/xhtml"><head><title>TestNG Report</title><style type="text/css">table {margin-bottom:10px;border-collapse:collapse;empty-cells:show}th,td {border:1px solid #009;padding:.25em .5em}th {vertical-align:bottom}td {vertical-align:top}table a {font-weight:bold}.stripe td {background-color: #E6EBF9}.num {text-align:right}.passedodd td {background-color: #3F3}.passedeven td {background-color: #0A0}.skippedodd td {background-color: #DDD}.skippedeven td {background-color: #CCC}.failedodd td,.attn {background-color: #F33}.failedeven td,.stripe .attn {background-color: #D00}.stacktrace {white-space:pre;font-family:monospace}.totop {font-size:85%;text-align:center;border-bottom:2px solid #000}</style></head><body><table><tr><th>Test</th><th># Passed</th><th># Skipped</th><th># Failed</th><th>Time (ms)</th><th>Included Groups</th><th>Excluded Groups</th></tr><tr><th colspan="7">Suite</th></tr><tr><td><a href="#t0">Test1</a></td><td class="num">6</td><td class="num attn">1</td><td class="num attn">1</td><td class="num">352,677</td><td></td><td></td></tr></table><table><thead><tr><th>Class</th><th>Method</th><th>Start</th><th>Time (ms)</th></tr></thead><tbody><tr><th colspan="4">Suite</th></tr></tbody><tbody id="t0"><tr><th colspan="4">Test1 &#8212; failed</th></tr><tr class="failedeven"><td rowspan="1">MobileProgrammingLLC.Tests.WebViewTest_Web_ValidatingHomePageRedirection</td><td><a href="#m0">app_navigatingToWebSite</a></td><td rowspan="1">1548186768351</td><td rowspan="1">56003</td></tr><tr><th colspan="4">Test1 &#8212; skipped</th></tr><tr class="skippedeven"><td rowspan="1">MobileProgrammingLLC.Tests.WebViewTest_Web_ValidatingHomePageRedirection</td><td><a href="#m1">app_tapOnNavigationMenuBtn</a></td><td rowspan="1">1548186945481</td><td rowspan="1">0</td></tr><tr><th colspan="4">Test1 &#8212; passed</th></tr><tr class="passedeven"><td rowspan="4">MobileProgrammingLLC.Tests.WebViewTest_App_ValidatingAboutSection</td><td><a href="#m2">app_tapOnAboutOption</a></td><td rowspan="1">1548186719157</td><td rowspan="1">2502</td></tr><tr class="passedeven"><td><a href="#m3">app_tapOnNavigationMenuBtn</a></td><td rowspan="1">1548186716261</td><td rowspan="1">2895</td></tr><tr class="passedeven"><td><a href="#m4">app_validateIntroTitle</a></td><td rowspan="1">1548186715006</td><td rowspan="1">1253</td></tr><tr class="passedeven"><td><a href="#m5">app_verifyAboutPage</a></td><td rowspan="1">1548186721660</td><td rowspan="1">2539</td></tr><tr class="passedodd"><td rowspan="2">MobileProgrammingLLC.Tests.WebViewTest_Web_ValidatingHomePageRedirection</td><td><a href="#m6">app_handlingConfirmPopUps</a></td><td rowspan="1">1548186754134</td><td rowspan="1">14216</td></tr><tr class="passedodd"><td><a href="#m7">app_validateIntroTitle</a></td><td rowspan="1">1548186752915</td><td rowspan="1">1218</td></tr></tbody></table><h2>Test1</h2><h3 id="m0">MobileProgrammingLLC.Tests.WebViewTest_Web_ValidatingHomePageRedirection#app_navigatingToWebSite</h3><table class="result"><tr><th>Exception</th></tr><tr><td><div class="stacktrace">org.openqa.selenium.NoSuchElementException: Can&apos;t locate an element by this strategy: By.xpath: //a[@id=&apos;header-logo&apos;]
	at io.appium.java_client.pagefactory.AppiumElementLocator.findElement(AppiumElementLocator.java:126)
	at io.appium.java_client.pagefactory.interceptors.InterceptorOfASingleElement.intercept(InterceptorOfASingleElement.java:60)
	at io.appium.java_client.android.AndroidElement$$EnhancerByCGLIB$$b598166c.getCssValue(&lt;generated&gt;)
	at MobileProgrammingLLC.Resources.Base.flash(Base.java:480)
	at MobileProgrammingLLC.Tests.WebViewTest_Web_ValidatingHomePageRedirection.app_navigatingToWebSite(WebViewTest_Web_ValidatingHomePageRedirection.java:60)
Caused by: org.openqa.selenium.TimeoutException: Expected condition failed: waiting for io.appium.java_client.pagefactory.AppiumElementLocator$WaitingFunction@3f9b7fe1 (tried for 1 second(s) with 500 milliseconds interval)
	at org.openqa.selenium.support.ui.FluentWait.timeoutException(FluentWait.java:303)
	at org.openqa.selenium.support.ui.FluentWait.until(FluentWait.java:271)
	at io.appium.java_client.pagefactory.AppiumElementLocator.waitFor(AppiumElementLocator.java:99)
	at io.appium.java_client.pagefactory.AppiumElementLocator.findElement(AppiumElementLocator.java:119)
	... 33 more
Caused by: org.openqa.selenium.NoSuchElementException: no such element: Unable to locate element: {&quot;method&quot;:&quot;xpath&quot;,&quot;selector&quot;:&quot;//a[@id=&apos;header-logo&apos;]&quot;}
  (Session info: chrome=71.0.3578.99)
  (Driver info: chromedriver=2.44.609545 (c2f88692e98ce7233d2df7c724465ecacfe74df5),platform=Mac OS X 10.13.6 x86_64)
For documentation on this error, please visit: http://seleniumhq.org/exceptions/no_such_element.html
Build info: version: &apos;3.12.0&apos;, revision: &apos;7c6e0b3&apos;, time: &apos;2018-05-08T14:04:26.12Z&apos;
System info: host: &apos;MAC09F.local&apos;, ip: &apos;fe80:0:0:0:cc9:29f5:eeb8:b441%en0&apos;, os.name: &apos;Mac OS X&apos;, os.arch: &apos;x86_64&apos;, os.version: &apos;10.13.6&apos;, java.version: &apos;1.8.0_181&apos;
Driver info: io.appium.java_client.android.AndroidDriver
Capabilities {app: /Users/love.vashista/Docume..., appActivity: com.snc.test.webview.activi..., appPackage: com.snc.test.webview2, appWaitActivity: com.snc.test.webview.activi..., appWaitPackage: com.snc.test.webview2, databaseEnabled: false, desired: {app: /Users/love.vashista/Docume..., deviceName: LoveEmulator, platformName: android}, deviceManufacturer: Google, deviceModel: Android SDK built for x86, deviceName: emulator-5554, deviceScreenSize: 1080x1920, deviceUDID: emulator-5554, javascriptEnabled: true, locationContextEnabled: false, networkConnectionEnabled: true, platform: LINUX, platformName: Android, platformVersion: 8.1.0, takesScreenshot: true, warnings: {}, webStorageEnabled: false}
Session ID: a1f37e69-eff3-43ff-a193-4fd903ff1a0e
*** Element info: {Using=xpath, value=//a[@id=&apos;header-logo&apos;]}
	at org.openqa.selenium.remote.http.W3CHttpResponseCodec.createException(W3CHttpResponseCodec.java:187)
	at org.openqa.selenium.remote.http.W3CHttpResponseCodec.decode(W3CHttpResponseCodec.java:122)
	at org.openqa.selenium.remote.http.W3CHttpResponseCodec.decode(W3CHttpResponseCodec.java:49)
	at org.openqa.selenium.remote.HttpCommandExecutor.execute(HttpCommandExecutor.java:158)
	at io.appium.java_client.remote.AppiumCommandExecutor.execute(AppiumCommandExecutor.java:231)
	at org.openqa.selenium.remote.RemoteWebDriver.execute(RemoteWebDriver.java:543)
	at io.appium.java_client.DefaultGenericMobileDriver.execute(DefaultGenericMobileDriver.java:42)
	at io.appium.java_client.AppiumDriver.execute(AppiumDriver.java:1)
	at io.appium.java_client.android.AndroidDriver.execute(AndroidDriver.java:1)
	at org.openqa.selenium.remote.RemoteWebDriver.findElement(RemoteWebDriver.java:317)
	at io.appium.java_client.DefaultGenericMobileDriver.findElement(DefaultGenericMobileDriver.java:62)
	at io.appium.java_client.AppiumDriver.findElement(AppiumDriver.java:1)
	at io.appium.java_client.android.AndroidDriver.findElement(AndroidDriver.java:1)
	at org.openqa.selenium.remote.RemoteWebDriver.findElementByXPath(RemoteWebDriver.java:419)
	at io.appium.java_client.DefaultGenericMobileDriver.findElementByXPath(DefaultGenericMobileDriver.java:152)
	at io.appium.java_client.AppiumDriver.findElementByXPath(AppiumDriver.java:1)
	at io.appium.java_client.android.AndroidDriver.findElementByXPath(AndroidDriver.java:1)
	at org.openqa.selenium.By$ByXPath.findElement(By.java:353)
	at org.openqa.selenium.remote.RemoteWebDriver.findElement(RemoteWebDriver.java:309)
	at io.appium.java_client.DefaultGenericMobileDriver.findElement(DefaultGenericMobileDriver.java:58)
	at io.appium.java_client.AppiumDriver.findElement(AppiumDriver.java:1)
	at io.appium.java_client.android.AndroidDriver.findElement(AndroidDriver.java:1)
	at io.appium.java_client.pagefactory.bys.ContentMappedBy.findElement(ContentMappedBy.java:50)
	at org.openqa.selenium.remote.RemoteWebDriver.findElement(RemoteWebDriver.java:309)
	at io.appium.java_client.DefaultGenericMobileDriver.findElement(DefaultGenericMobileDriver.java:58)
	at io.appium.java_client.AppiumDriver.findElement(AppiumDriver.java:1)
	at io.appium.java_client.android.AndroidDriver.findElement(AndroidDriver.java:1)
	at io.appium.java_client.pagefactory.AppiumElementLocator.lambda$0(AppiumElementLocator.java:120)
	at io.appium.java_client.pagefactory.AppiumElementLocator$WaitingFunction.apply(AppiumElementLocator.java:172)
	at io.appium.java_client.pagefactory.AppiumElementLocator$WaitingFunction.apply(AppiumElementLocator.java:1)
	at org.openqa.selenium.support.ui.FluentWait.until(FluentWait.java:248)
	... 35 more
... Removed 33 stack frames</div></td></tr></table><p class="totop"><a href="#summary">back to summary</a></p><h3 id="m1">MobileProgrammingLLC.Tests.WebViewTest_Web_ValidatingHomePageRedirection#app_tapOnNavigationMenuBtn</h3><table class="result"><tr><th>Exception</th></tr><tr><td><div class="stacktrace">java.lang.Throwable: Method WebViewTest_Web_ValidatingHomePageRedirection.app_tapOnNavigationMenuBtn()[pri:0, instance:MobileProgrammingLLC.Tests.WebViewTest_Web_ValidatingHomePageRedirection@1ab3a8c8] depends on not successfully finished methods
... Removed 22 stack frames</div></td></tr></table><p class="totop"><a href="#summary">back to summary</a></p><h3 id="m2">MobileProgrammingLLC.Tests.WebViewTest_App_ValidatingAboutSection#app_tapOnAboutOption</h3><table class="result"></table><p class="totop"><a href="#summary">back to summary</a></p><h3 id="m3">MobileProgrammingLLC.Tests.WebViewTest_App_ValidatingAboutSection#app_tapOnNavigationMenuBtn</h3><table class="result"></table><p class="totop"><a href="#summary">back to summary</a></p><h3 id="m4">MobileProgrammingLLC.Tests.WebViewTest_App_ValidatingAboutSection#app_validateIntroTitle</h3><table class="result"></table><p class="totop"><a href="#summary">back to summary</a></p><h3 id="m5">MobileProgrammingLLC.Tests.WebViewTest_App_ValidatingAboutSection#app_verifyAboutPage</h3><table class="result"></table><p class="totop"><a href="#summary">back to summary</a></p><h3 id="m6">MobileProgrammingLLC.Tests.WebViewTest_Web_ValidatingHomePageRedirection#app_handlingConfirmPopUps</h3><table class="result"></table><p class="totop"><a href="#summary">back to summary</a></p><h3 id="m7">MobileProgrammingLLC.Tests.WebViewTest_Web_ValidatingHomePageRedirection#app_validateIntroTitle</h3><table class="result"></table><p class="totop"><a href="#summary">back to summary</a></p></body></html>