<?xml version="1.0" encoding="UTF-8"?>
<testng-results skipped="1" failed="1" ignored="0" total="8" passed="6">
  <reporter-output>
  </reporter-output>
  <suite name="Suite" duration-ms="352677" started-at="2019-01-22T19:49:55Z" finished-at="2019-01-22T19:55:47Z">
    <groups>
    </groups>
    <test name="Test1" duration-ms="352677" started-at="2019-01-22T19:49:55Z" finished-at="2019-01-22T19:55:47Z">
      <class name="MobileProgrammingLLC.Tests.WebViewTest_Web_ValidatingHomePageRedirection">
        <test-method status="PASS" signature="initConfigs()[pri:0, instance:MobileProgrammingLLC.Tests.WebViewTest_Web_ValidatingHomePageRedirection@1ab3a8c8]" name="initConfigs" is-config="true" duration-ms="25672" started-at="2019-01-23T01:22:07Z" finished-at="2019-01-23T01:22:32Z">
          <reporter-output>
          </reporter-output>
        </test-method> <!-- initConfigs -->
        <test-method status="PASS" signature="app_validateIntroTitle()[pri:0, instance:MobileProgrammingLLC.Tests.WebViewTest_Web_ValidatingHomePageRedirection@1ab3a8c8]" name="app_validateIntroTitle" duration-ms="1218" started-at="2019-01-23T01:22:32Z" finished-at="2019-01-23T01:22:34Z">
          <reporter-output>
          </reporter-output>
        </test-method> <!-- app_validateIntroTitle -->
        <test-method status="PASS" signature="app_handlingConfirmPopUps()[pri:0, instance:MobileProgrammingLLC.Tests.WebViewTest_Web_ValidatingHomePageRedirection@1ab3a8c8]" name="app_handlingConfirmPopUps" duration-ms="14216" started-at="2019-01-23T01:22:34Z" depends-on-methods="MobileProgrammingLLC.Tests.WebViewTest_Web_ValidatingHomePageRedirection.app_validateIntroTitle" finished-at="2019-01-23T01:22:48Z">
          <reporter-output>
          </reporter-output>
        </test-method> <!-- app_handlingConfirmPopUps -->
        <test-method status="FAIL" signature="app_navigatingToWebSite()[pri:0, instance:MobileProgrammingLLC.Tests.WebViewTest_Web_ValidatingHomePageRedirection@1ab3a8c8]" name="app_navigatingToWebSite" duration-ms="56003" started-at="2019-01-23T01:22:48Z" depends-on-methods="MobileProgrammingLLC.Tests.WebViewTest_Web_ValidatingHomePageRedirection.app_handlingConfirmPopUps" finished-at="2019-01-23T01:23:44Z">
          <exception class="org.openqa.selenium.NoSuchElementException">
            <message>
              <![CDATA[Can't locate an element by this strategy: By.xpath: //a[@id='header-logo']]]>
            </message>
            <full-stacktrace>
              <![CDATA[org.openqa.selenium.NoSuchElementException: Can't locate an element by this strategy: By.xpath: //a[@id='header-logo']
	at io.appium.java_client.pagefactory.AppiumElementLocator.findElement(AppiumElementLocator.java:126)
	at io.appium.java_client.pagefactory.interceptors.InterceptorOfASingleElement.intercept(InterceptorOfASingleElement.java:60)
	at io.appium.java_client.android.AndroidElement$$EnhancerByCGLIB$$b598166c.getCssValue(<generated>)
	at MobileProgrammingLLC.Resources.Base.flash(Base.java:480)
	at MobileProgrammingLLC.Tests.WebViewTest_Web_ValidatingHomePageRedirection.app_navigatingToWebSite(WebViewTest_Web_ValidatingHomePageRedirection.java:60)
	at sun.reflect.NativeMethodAccessorImpl.invoke0(Native Method)
	at sun.reflect.NativeMethodAccessorImpl.invoke(NativeMethodAccessorImpl.java:62)
	at sun.reflect.DelegatingMethodAccessorImpl.invoke(DelegatingMethodAccessorImpl.java:43)
	at java.lang.reflect.Method.invoke(Method.java:498)
	at org.testng.internal.MethodInvocationHelper.invokeMethod(MethodInvocationHelper.java:104)
	at org.testng.internal.Invoker.invokeMethod(Invoker.java:645)
	at org.testng.internal.Invoker.invokeTestMethod(Invoker.java:851)
	at org.testng.internal.Invoker.invokeTestMethods(Invoker.java:1177)
	at org.testng.internal.TestMethodWorker.invokeTestMethods(TestMethodWorker.java:129)
	at org.testng.internal.TestMethodWorker.run(TestMethodWorker.java:112)
	at org.testng.TestRunner.privateRun(TestRunner.java:756)
	at org.testng.TestRunner.run(TestRunner.java:610)
	at org.testng.SuiteRunner.runTest(SuiteRunner.java:387)
	at org.testng.SuiteRunner.runSequentially(SuiteRunner.java:382)
	at org.testng.SuiteRunner.privateRun(SuiteRunner.java:340)
	at org.testng.SuiteRunner.run(SuiteRunner.java:289)
	at org.testng.SuiteRunnerWorker.runSuite(SuiteRunnerWorker.java:52)
	at org.testng.SuiteRunnerWorker.run(SuiteRunnerWorker.java:86)
	at org.testng.TestNG.runSuitesSequentially(TestNG.java:1293)
	at org.testng.TestNG.runSuitesLocally(TestNG.java:1218)
	at org.testng.TestNG.runSuites(TestNG.java:1133)
	at org.testng.TestNG.run(TestNG.java:1104)
	at org.apache.maven.surefire.testng.TestNGExecutor.run(TestNGExecutor.java:283)
	at org.apache.maven.surefire.testng.TestNGXmlTestSuite.execute(TestNGXmlTestSuite.java:75)
	at org.apache.maven.surefire.testng.TestNGProvider.invoke(TestNGProvider.java:120)
	at org.apache.maven.surefire.booter.ForkedBooter.invokeProviderInSameClassLoader(ForkedBooter.java:383)
	at org.apache.maven.surefire.booter.ForkedBooter.runSuitesInProcess(ForkedBooter.java:344)
	at org.apache.maven.surefire.booter.ForkedBooter.execute(ForkedBooter.java:125)
	at org.apache.maven.surefire.booter.ForkedBooter.main(ForkedBooter.java:417)
Caused by: org.openqa.selenium.TimeoutException: Expected condition failed: waiting for io.appium.java_client.pagefactory.AppiumElementLocator$WaitingFunction@3f9b7fe1 (tried for 1 second(s) with 500 milliseconds interval)
	at org.openqa.selenium.support.ui.FluentWait.timeoutException(FluentWait.java:303)
	at org.openqa.selenium.support.ui.FluentWait.until(FluentWait.java:271)
	at io.appium.java_client.pagefactory.AppiumElementLocator.waitFor(AppiumElementLocator.java:99)
	at io.appium.java_client.pagefactory.AppiumElementLocator.findElement(AppiumElementLocator.java:119)
	... 33 more
Caused by: org.openqa.selenium.NoSuchElementException: no such element: Unable to locate element: {"method":"xpath","selector":"//a[@id='header-logo']"}
  (Session info: chrome=71.0.3578.99)
  (Driver info: chromedriver=2.44.609545 (c2f88692e98ce7233d2df7c724465ecacfe74df5),platform=Mac OS X 10.13.6 x86_64)
For documentation on this error, please visit: http://seleniumhq.org/exceptions/no_such_element.html
Build info: version: '3.12.0', revision: '7c6e0b3', time: '2018-05-08T14:04:26.12Z'
System info: host: 'MAC09F.local', ip: 'fe80:0:0:0:cc9:29f5:eeb8:b441%en0', os.name: 'Mac OS X', os.arch: 'x86_64', os.version: '10.13.6', java.version: '1.8.0_181'
Driver info: io.appium.java_client.android.AndroidDriver
Capabilities {app: /Users/love.vashista/Docume..., appActivity: com.snc.test.webview.activi..., appPackage: com.snc.test.webview2, appWaitActivity: com.snc.test.webview.activi..., appWaitPackage: com.snc.test.webview2, databaseEnabled: false, desired: {app: /Users/love.vashista/Docume..., deviceName: LoveEmulator, platformName: android}, deviceManufacturer: Google, deviceModel: Android SDK built for x86, deviceName: emulator-5554, deviceScreenSize: 1080x1920, deviceUDID: emulator-5554, javascriptEnabled: true, locationContextEnabled: false, networkConnectionEnabled: true, platform: LINUX, platformName: Android, platformVersion: 8.1.0, takesScreenshot: true, warnings: {}, webStorageEnabled: false}
Session ID: a1f37e69-eff3-43ff-a193-4fd903ff1a0e
*** Element info: {Using=xpath, value=//a[@id='header-logo']}
	at sun.reflect.NativeConstructorAccessorImpl.newInstance0(Native Method)
	at sun.reflect.NativeConstructorAccessorImpl.newInstance(NativeConstructorAccessorImpl.java:62)
	at sun.reflect.DelegatingConstructorAccessorImpl.newInstance(DelegatingConstructorAccessorImpl.java:45)
	at java.lang.reflect.Constructor.newInstance(Constructor.java:423)
	at org.openqa.selenium.remote.http.W3CHttpResponseCodec.createException(W3CHttpResponseCodec.java:187)
	at org.openqa.selenium.remote.http.W3CHttpResponseCodec.decode(W3CHttpResponseCodec.java:122)
	at org.openqa.selenium.remote.http.W3CHttpResponseCodec.decode(W3CHttpResponseCodec.java:49)
	at org.openqa.selenium.remote.HttpCommandExecutor.execute(HttpCommandExecutor.java:158)
	at io.appium.java_client.remote.AppiumCommandExecutor.execute(AppiumCommandExecutor.java:231)
	at org.openqa.selenium.remote.RemoteWebDriver.execute(RemoteWebDriver.java:543)
	at io.appium.java_client.DefaultGenericMobileDriver.execute(DefaultGenericMobileDriver.java:42)
	at io.appium.java_client.AppiumDriver.execute(AppiumDriver.java:1)
	at io.appium.java_client.android.AndroidDriver.execute(AndroidDriver.java:1)
	at org.openqa.selenium.remote.RemoteWebDriver.findElement(RemoteWebDriver.java:317)
	at io.appium.java_client.DefaultGenericMobileDriver.findElement(DefaultGenericMobileDriver.java:62)
	at io.appium.java_client.AppiumDriver.findElement(AppiumDriver.java:1)
	at io.appium.java_client.android.AndroidDriver.findElement(AndroidDriver.java:1)
	at org.openqa.selenium.remote.RemoteWebDriver.findElementByXPath(RemoteWebDriver.java:419)
	at io.appium.java_client.DefaultGenericMobileDriver.findElementByXPath(DefaultGenericMobileDriver.java:152)
	at io.appium.java_client.AppiumDriver.findElementByXPath(AppiumDriver.java:1)
	at io.appium.java_client.android.AndroidDriver.findElementByXPath(AndroidDriver.java:1)
	at org.openqa.selenium.By$ByXPath.findElement(By.java:353)
	at org.openqa.selenium.remote.RemoteWebDriver.findElement(RemoteWebDriver.java:309)
	at io.appium.java_client.DefaultGenericMobileDriver.findElement(DefaultGenericMobileDriver.java:58)
	at io.appium.java_client.AppiumDriver.findElement(AppiumDriver.java:1)
	at io.appium.java_client.android.AndroidDriver.findElement(AndroidDriver.java:1)
	at io.appium.java_client.pagefactory.bys.ContentMappedBy.findElement(ContentMappedBy.java:50)
	at org.openqa.selenium.remote.RemoteWebDriver.findElement(RemoteWebDriver.java:309)
	at io.appium.java_client.DefaultGenericMobileDriver.findElement(DefaultGenericMobileDriver.java:58)
	at io.appium.java_client.AppiumDriver.findElement(AppiumDriver.java:1)
	at io.appium.java_client.android.AndroidDriver.findElement(AndroidDriver.java:1)
	at io.appium.java_client.pagefactory.AppiumElementLocator.lambda$0(AppiumElementLocator.java:120)
	at io.appium.java_client.pagefactory.AppiumElementLocator$WaitingFunction.apply(AppiumElementLocator.java:172)
	at io.appium.java_client.pagefactory.AppiumElementLocator$WaitingFunction.apply(AppiumElementLocator.java:1)
	at org.openqa.selenium.support.ui.FluentWait.until(FluentWait.java:248)
	... 35 more
]]>
            </full-stacktrace>
          </exception> <!-- org.openqa.selenium.NoSuchElementException -->
          <reporter-output>
          </reporter-output>
        </test-method> <!-- app_navigatingToWebSite -->
        <test-method status="PASS" signature="tearDown()[pri:0, instance:MobileProgrammingLLC.Tests.WebViewTest_Web_ValidatingHomePageRedirection@1ab3a8c8]" name="tearDown" is-config="true" duration-ms="2250" started-at="2019-01-23T01:25:45Z" finished-at="2019-01-23T01:25:47Z">
          <reporter-output>
          </reporter-output>
        </test-method> <!-- tearDown -->
        <test-method status="SKIP" signature="app_tapOnNavigationMenuBtn()[pri:0, instance:MobileProgrammingLLC.Tests.WebViewTest_Web_ValidatingHomePageRedirection@1ab3a8c8]" name="app_tapOnNavigationMenuBtn" duration-ms="0" started-at="2019-01-23T01:25:45Z" depends-on-methods="MobileProgrammingLLC.Tests.WebViewTest_Web_ValidatingHomePageRedirection.app_navigatingToWebSite" finished-at="2019-01-23T01:25:45Z">
          <exception class="java.lang.Throwable">
            <message>
              <![CDATA[Method WebViewTest_Web_ValidatingHomePageRedirection.app_tapOnNavigationMenuBtn()[pri:0, instance:MobileProgrammingLLC.Tests.WebViewTest_Web_ValidatingHomePageRedirection@1ab3a8c8] depends on not successfully finished methods]]>
            </message>
            <full-stacktrace>
              <![CDATA[java.lang.Throwable: Method WebViewTest_Web_ValidatingHomePageRedirection.app_tapOnNavigationMenuBtn()[pri:0, instance:MobileProgrammingLLC.Tests.WebViewTest_Web_ValidatingHomePageRedirection@1ab3a8c8] depends on not successfully finished methods
	at org.testng.internal.Invoker.invokeTestMethods(Invoker.java:1068)
	at org.testng.internal.TestMethodWorker.invokeTestMethods(TestMethodWorker.java:129)
	at org.testng.internal.TestMethodWorker.run(TestMethodWorker.java:112)
	at org.testng.TestRunner.privateRun(TestRunner.java:756)
	at org.testng.TestRunner.run(TestRunner.java:610)
	at org.testng.SuiteRunner.runTest(SuiteRunner.java:387)
	at org.testng.SuiteRunner.runSequentially(SuiteRunner.java:382)
	at org.testng.SuiteRunner.privateRun(SuiteRunner.java:340)
	at org.testng.SuiteRunner.run(SuiteRunner.java:289)
	at org.testng.SuiteRunnerWorker.runSuite(SuiteRunnerWorker.java:52)
	at org.testng.SuiteRunnerWorker.run(SuiteRunnerWorker.java:86)
	at org.testng.TestNG.runSuitesSequentially(TestNG.java:1293)
	at org.testng.TestNG.runSuitesLocally(TestNG.java:1218)
	at org.testng.TestNG.runSuites(TestNG.java:1133)
	at org.testng.TestNG.run(TestNG.java:1104)
	at org.apache.maven.surefire.testng.TestNGExecutor.run(TestNGExecutor.java:283)
	at org.apache.maven.surefire.testng.TestNGXmlTestSuite.execute(TestNGXmlTestSuite.java:75)
	at org.apache.maven.surefire.testng.TestNGProvider.invoke(TestNGProvider.java:120)
	at org.apache.maven.surefire.booter.ForkedBooter.invokeProviderInSameClassLoader(ForkedBooter.java:383)
	at org.apache.maven.surefire.booter.ForkedBooter.runSuitesInProcess(ForkedBooter.java:344)
	at org.apache.maven.surefire.booter.ForkedBooter.execute(ForkedBooter.java:125)
	at org.apache.maven.surefire.booter.ForkedBooter.main(ForkedBooter.java:417)
]]>
            </full-stacktrace>
          </exception> <!-- java.lang.Throwable -->
          <reporter-output>
          </reporter-output>
        </test-method> <!-- app_tapOnNavigationMenuBtn -->
      </class> <!-- MobileProgrammingLLC.Tests.WebViewTest_Web_ValidatingHomePageRedirection -->
      <class name="MobileProgrammingLLC.Tests.WebViewTest_App_ValidatingAboutSection">
        <test-method status="PASS" signature="initConfigs()[pri:0, instance:MobileProgrammingLLC.Tests.WebViewTest_App_ValidatingAboutSection@72057ecf]" name="initConfigs" is-config="true" duration-ms="119911" started-at="2019-01-23T01:19:55Z" finished-at="2019-01-23T01:21:54Z">
          <reporter-output>
          </reporter-output>
        </test-method> <!-- initConfigs -->
        <test-method status="PASS" signature="app_validateIntroTitle()[pri:0, instance:MobileProgrammingLLC.Tests.WebViewTest_App_ValidatingAboutSection@72057ecf]" name="app_validateIntroTitle" duration-ms="1253" started-at="2019-01-23T01:21:55Z" finished-at="2019-01-23T01:21:56Z">
          <reporter-output>
          </reporter-output>
        </test-method> <!-- app_validateIntroTitle -->
        <test-method status="PASS" signature="app_tapOnNavigationMenuBtn()[pri:0, instance:MobileProgrammingLLC.Tests.WebViewTest_App_ValidatingAboutSection@72057ecf]" name="app_tapOnNavigationMenuBtn" duration-ms="2895" started-at="2019-01-23T01:21:56Z" depends-on-methods="MobileProgrammingLLC.Tests.WebViewTest_App_ValidatingAboutSection.app_validateIntroTitle" finished-at="2019-01-23T01:21:59Z">
          <reporter-output>
          </reporter-output>
        </test-method> <!-- app_tapOnNavigationMenuBtn -->
        <test-method status="PASS" signature="app_tapOnAboutOption()[pri:0, instance:MobileProgrammingLLC.Tests.WebViewTest_App_ValidatingAboutSection@72057ecf]" name="app_tapOnAboutOption" duration-ms="2502" started-at="2019-01-23T01:21:59Z" depends-on-methods="MobileProgrammingLLC.Tests.WebViewTest_App_ValidatingAboutSection.app_tapOnNavigationMenuBtn" finished-at="2019-01-23T01:22:01Z">
          <reporter-output>
          </reporter-output>
        </test-method> <!-- app_tapOnAboutOption -->
        <test-method status="PASS" signature="app_verifyAboutPage()[pri:0, instance:MobileProgrammingLLC.Tests.WebViewTest_App_ValidatingAboutSection@72057ecf]" name="app_verifyAboutPage" duration-ms="2539" started-at="2019-01-23T01:22:01Z" depends-on-methods="MobileProgrammingLLC.Tests.WebViewTest_App_ValidatingAboutSection.app_tapOnAboutOption" finished-at="2019-01-23T01:22:04Z">
          <reporter-output>
          </reporter-output>
        </test-method> <!-- app_verifyAboutPage -->
        <test-method status="PASS" signature="tearDown()[pri:0, instance:MobileProgrammingLLC.Tests.WebViewTest_App_ValidatingAboutSection@72057ecf]" name="tearDown" is-config="true" duration-ms="3042" started-at="2019-01-23T01:22:04Z" finished-at="2019-01-23T01:22:07Z">
          <reporter-output>
          </reporter-output>
        </test-method> <!-- tearDown -->
      </class> <!-- MobileProgrammingLLC.Tests.WebViewTest_App_ValidatingAboutSection -->
    </test> <!-- Test1 -->
  </suite> <!-- Suite -->
</testng-results>
